<?xml version="1.0" encoding="UTF-8"?>
<!-- Generated by org.testng.reporters.JUnitReportReporter -->
<testsuite hostname="DESKTOP-G3DD0U6" name="pomTest.EcoTest" tests="1" failures="0" timestamp="8 Jan 2020 06:06:15 GMT" time="8.453" errors="0">
  <testcase name="checkAlert" time="8.453" classname="pomTest.EcoTest"/>
</testsuite> <!-- pomTest.EcoTest -->
