<?xml version="1.0" encoding="UTF-8"?>
<!-- Generated by org.testng.reporters.JUnitReportReporter -->
<testsuite skipped="0" hostname="DESKTOP-G3DD0U6" name="excelHandling.ExcelTest" tests="1" failures="0" timestamp="11 Dec 2019 05:38:44 GMT" time="0.080" errors="0">
  <testcase name="writeDataInSingkeCell" time="0.080" classname="excelHandling.ExcelTest"/>
</testsuite> <!-- excelHandling.ExcelTest -->
