<?xml version="1.0" encoding="UTF-8"?>
<!-- Generated by org.testng.reporters.JUnitReportReporter -->
<testsuite skipped="0" hostname="DESKTOP-G3DD0U6" name="pomTests.RediffLoginPageTest" tests="3" failures="0" timestamp="20 Dec 2019 05:54:55 GMT" time="2.346" errors="0">
  <testcase name="checkStatus" time="0.400" classname="pomTests.RediffLoginPageTest"/>
  <testcase name="checkAlert" time="0.455" classname="pomTests.RediffLoginPageTest"/>
  <testcase name="checkCreateAcLink" time="1.491" classname="pomTests.RediffLoginPageTest"/>
</testsuite> <!-- pomTests.RediffLoginPageTest -->
