<?xml version="1.0" encoding="UTF-8"?>
<!-- Generated by org.testng.reporters.JUnitReportReporter -->
<testsuite skipped="0" hostname="DESKTOP-G3DD0U6" name="excelHandling.ExcelAssignment" tests="1" failures="0" timestamp="13 Dec 2019 04:53:08 GMT" time="0.158" errors="0">
  <testcase name="f" time="0.158" classname="excelHandling.ExcelAssignment"/>
</testsuite> <!-- excelHandling.ExcelAssignment -->
