<?xml version="1.0" encoding="UTF-8"?>
<!-- Generated by org.testng.reporters.JUnitReportReporter -->
<testsuite skipped="0" hostname="DESKTOP-G3DD0U6" name="testNG.NewTest" tests="1" failures="0" timestamp="09 Dec 2019 06:05:17 GMT" time="50.615" errors="0">
  <testcase name="f" time="50.615" classname="testNG.NewTest"/>
</testsuite> <!-- testNG.NewTest -->
