<?xml version="1.0" encoding="UTF-8"?>
<!-- Generated by org.testng.reporters.JUnitReportReporter -->
<testsuite skipped="0" hostname="DESKTOP-G3DD0U6" name="testNG.EchotrakLogin2" tests="1" failures="0" timestamp="10 Dec 2019 05:27:52 GMT" time="4.445" errors="0">
  <testcase name="f" time="4.445" classname="testNG.EchotrakLogin2"/>
</testsuite> <!-- testNG.EchotrakLogin2 -->
