<?xml version="1.0" encoding="UTF-8"?>
<!-- Generated by org.testng.reporters.JUnitReportReporter -->
<testsuite skipped="0" hostname="DESKTOP-G3DD0U6" name="excelHandling.ReadData" tests="1" failures="0" timestamp="13 Dec 2019 06:04:01 GMT" time="0.014" errors="0">
  <testcase name="ReadFromExcel" time="0.014" classname="excelHandling.ReadData"/>
</testsuite> <!-- excelHandling.ReadData -->
