<?xml version="1.0" encoding="UTF-8"?>
<!-- Generated by org.testng.reporters.JUnitReportReporter -->
<testsuite skipped="0" hostname="DESKTOP-G3DD0U6" name="assignment.FlipkartDataDrivenAsg" tests="2" failures="0" timestamp="31 Dec 2019 06:28:13 GMT" time="17.597" errors="0">
  <testcase name="f" time="11.583" classname="assignment.FlipkartDataDrivenAsg"/>
  <testcase name="f" time="6.014" classname="assignment.FlipkartDataDrivenAsg"/>
</testsuite> <!-- assignment.FlipkartDataDrivenAsg -->
