<?xml version="1.0" encoding="UTF-8"?>
<!-- Generated by org.testng.reporters.JUnitReportReporter -->
<testsuite hostname="DESKTOP-G3DD0U6" name="assignment.JqueryDragDrop" tests="1" failures="0" timestamp="8 Jan 2020 06:22:23 GMT" time="10.530" errors="0">
  <testcase name="f" time="10.530" classname="assignment.JqueryDragDrop"/>
</testsuite> <!-- assignment.JqueryDragDrop -->
