<?xml version="1.0" encoding="UTF-8"?>
<!-- Generated by org.testng.reporters.JUnitReportReporter -->
<testsuite skipped="0" hostname="DESKTOP-G3DD0U6" name="excelHandling.ReadDataFromExTest" tests="1" failures="0" timestamp="18 Dec 2019 10:58:30 GMT" time="0.008" errors="0">
  <testcase name="f" time="0.008" classname="excelHandling.ReadDataFromExTest"/>
</testsuite> <!-- excelHandling.ReadDataFromExTest -->
