<?xml version="1.0" encoding="UTF-8"?>
<!-- Generated by org.testng.reporters.JUnitReportReporter -->
<testsuite skipped="0" hostname="DESKTOP-G3DD0U6" name="excelHandling.ExTest2" tests="1" failures="0" timestamp="11 Dec 2019 05:52:42 GMT" time="0.080" errors="0">
  <testcase name="f" time="0.080" classname="excelHandling.ExTest2"/>
</testsuite> <!-- excelHandling.ExTest2 -->
