<?xml version="1.0" encoding="UTF-8"?>
<!-- Generated by org.testng.reporters.JUnitReportReporter -->
<testsuite skipped="0" hostname="DESKTOP-G3DD0U6" name="excelHandling.NewTest" tests="3" failures="0" timestamp="13 Dec 2019 05:28:16 GMT" time="0.032" errors="0">
  <testcase name="writeDataToExcel" time="0.028" classname="excelHandling.NewTest"/>
  <testcase name="writeDataToExcel" time="0.000" classname="excelHandling.NewTest"/>
  <testcase name="writeDataToExcel" time="0.004" classname="excelHandling.NewTest"/>
</testsuite> <!-- excelHandling.NewTest -->
