<?xml version="1.0" encoding="UTF-8"?>
<!-- Generated by org.testng.reporters.JUnitReportReporter -->
<testsuite skipped="0" hostname="DESKTOP-G3DD0U6" name="testNG.EchotrakLogin" tests="3" failures="0" timestamp="09 Dec 2019 06:05:17 GMT" time="15.666" errors="0">
  <testcase name="f" time="3.980" classname="testNG.EchotrakLogin"/>
  <testcase name="f" time="4.250" classname="testNG.EchotrakLogin"/>
  <testcase name="f" time="7.436" classname="testNG.EchotrakLogin"/>
</testsuite> <!-- testNG.EchotrakLogin -->
